<?xml version="1.0" encoding="UTF-8"?>
<coverage generated="1614957548">
  <project timestamp="1614957548">
    <file name="/var/www/src/Sample.php">
      <class name="App\Sample" namespace="global">
        <metrics complexity="6" methods="3" coveredmethods="2" conditionals="0" coveredconditionals="0" statements="6" coveredstatements="3" elements="9" coveredelements="5"/>
      </class>
      <line num="17" type="method" name="sample" visibility="public" complexity="1" crap="1" count="2"/>
      <line num="19" type="stmt" count="2"/>
      <line num="22" type="stmt" count="2"/>
      <line num="25" type="method" name="sampleText" visibility="public" complexity="1" crap="1" count="2"/>
      <line num="27" type="stmt" count="2"/>
      <line num="31" type="method" name="sampleObject" visibility="public" complexity="3" crap="12" count="0"/>
      <line num="33" type="stmt" count="0"/>
      <line num="34" type="stmt" count="0"/>
      <line num="37" type="stmt" count="0"/>
      <metrics loc="39" ncloc="34" classes="1" methods="3" coveredmethods="2" conditionals="0" coveredconditionals="0" statements="6" coveredstatements="3" elements="9" coveredelements="5"/>
    </file>
    <metrics files="1" loc="39" ncloc="34" classes="1" methods="3" coveredmethods="2" conditionals="0" coveredconditionals="0" statements="6" coveredstatements="3" elements="9" coveredelements="5"/>
  </project>
</coverage>
